
> chat_service@0.0.0 start /Users/xmxz023/workspace/relink/chat_service
> nodemon ./app.js

[33m[nodemon] 1.11.0[39m
[33m[nodemon] to restart at any time, enter `rs`[39m
[33m[nodemon] watching: *.*[39m
[32m[nodemon] starting `node ./app.js`[39m
Incomming connection from: T1_Hqy1qktT5x4UBAAAA
Incomming connection from: eDrE5JekVqxGACidAAAB
new join
{ room_id: null, user: '' }
[31m[nodemon] app crashed - waiting for file changes before starting...[39m
[32m[nodemon] restarting due to changes...[39m
[32m[nodemon] starting `node ./app.js`[39m
Incomming connection from: ZBPKR7TX4CNKUfXSAAAA
[32m[nodemon] restarting due to changes...[39m
[32m[nodemon] starting `node ./app.js`[39m
Incomming connection from: ZZhQisUKeRX51klBAAAA
[32m[nodemon] restarting due to changes...[39m
[32m[nodemon] starting `node ./app.js`[39m
Incomming connection from: itgHxAmAD7F5WFftAAAA
Incomming connection from: 6wquKGDe61oKUZ3EAAAB
new join:  { room_id: '12', user: '1.1@1.com' }
room_id: 12
found! { _id: 58e947d70bdcbb479db4c756,
  room_id: '12',
  room_name: '',
  room_user: [],
  createdAt: 2017-04-08T20:27:26.001Z }
-1
user not in room
[0mPOST /sock/send [33m404 [0m17.847 ms - 61[0m
[31m[nodemon] app crashed - waiting for file changes before starting...[39m
